2024-11-09T12:40:42.396+05:30  INFO 30476 --- [LearningMS] [SpringApplicationShutdownHook] j.LocalContainerEntityManagerFactoryBean : Closing JPA EntityManagerFactory for persistence unit 'default'
2024-11-09T12:40:42.406+05:30  INFO 30476 --- [LearningMS] [SpringApplicationShutdownHook] com.zaxxer.hikari.HikariDataSource       : HikariPool-1 - Shutdown initiated...
2024-11-09T12:40:42.417+05:30  INFO 30476 --- [LearningMS] [SpringApplicationShutdownHook] com.zaxxer.hikari.HikariDataSource       : HikariPool-1 - Shutdown completed.
2024-11-09T12:41:28.126+05:30  INFO 2400 --- [LearningMS] [main] c.e.L.i.instructorControllerTest         : Starting instructorControllerTest using Java 20.0.1 with PID 2400 (started by Neha in D:\Assignments\aaa\LearningMS)
2024-11-09T12:41:28.130+05:30  INFO 2400 --- [LearningMS] [main] c.e.L.i.instructorControllerTest         : No active profile set, falling back to 1 default profile: "default"
2024-11-09T12:41:29.069+05:30  INFO 2400 --- [LearningMS] [main] .s.d.r.c.RepositoryConfigurationDelegate : Bootstrapping Spring Data JPA repositories in DEFAULT mode.
2024-11-09T12:41:29.154+05:30  INFO 2400 --- [LearningMS] [main] .s.d.r.c.RepositoryConfigurationDelegate : Finished Spring Data repository scanning in 76 ms. Found 4 JPA repository interfaces.
2024-11-09T12:41:29.726+05:30  INFO 2400 --- [LearningMS] [main] o.hibernate.jpa.internal.util.LogHelper  : HHH000204: Processing PersistenceUnitInfo [name: default]
2024-11-09T12:41:29.787+05:30  INFO 2400 --- [LearningMS] [main] org.hibernate.Version                    : HHH000412: Hibernate ORM core version 6.5.3.Final
2024-11-09T12:41:29.836+05:30  INFO 2400 --- [LearningMS] [main] o.h.c.internal.RegionFactoryInitiator    : HHH000026: Second-level cache disabled
2024-11-09T12:41:30.271+05:30  INFO 2400 --- [LearningMS] [main] o.s.o.j.p.SpringPersistenceUnitInfo      : No LoadTimeWeaver setup: ignoring JPA class transformer
2024-11-09T12:41:30.323+05:30  INFO 2400 --- [LearningMS] [main] com.zaxxer.hikari.HikariDataSource       : HikariPool-1 - Starting...
2024-11-09T12:41:30.956+05:30  INFO 2400 --- [LearningMS] [main] com.zaxxer.hikari.pool.HikariPool        : HikariPool-1 - Added connection com.mysql.cj.jdbc.ConnectionImpl@39374689
2024-11-09T12:41:30.961+05:30  INFO 2400 --- [LearningMS] [main] com.zaxxer.hikari.HikariDataSource       : HikariPool-1 - Start completed.
2024-11-09T12:41:31.050+05:30  WARN 2400 --- [LearningMS] [main] org.hibernate.orm.deprecation            : HHH90000025: MySQLDialect does not need to be specified explicitly using 'hibernate.dialect' (remove the property setting and it will be selected by default)
2024-11-09T12:41:32.238+05:30  INFO 2400 --- [LearningMS] [main] o.h.e.t.j.p.i.JtaPlatformInitiator       : HHH000489: No JTA platform available (set 'hibernate.transaction.jta.platform' to enable JTA platform integration)
2024-11-09T12:41:32.359+05:30  INFO 2400 --- [LearningMS] [main] j.LocalContainerEntityManagerFactoryBean : Initialized JPA EntityManagerFactory for persistence unit 'default'
2024-11-09T12:41:33.004+05:30  WARN 2400 --- [LearningMS] [main] JpaBaseConfiguration$JpaWebConfiguration : spring.jpa.open-in-view is enabled by default. Therefore, database queries may be performed during view rendering. Explicitly configure spring.jpa.open-in-view to disable this warning
2024-11-09T12:41:33.489+05:30  INFO 2400 --- [LearningMS] [main] o.s.b.t.m.w.SpringBootMockServletContext : Initializing Spring TestDispatcherServlet ''
2024-11-09T12:41:33.489+05:30  INFO 2400 --- [LearningMS] [main] o.s.t.web.servlet.TestDispatcherServlet  : Initializing Servlet ''
2024-11-09T12:41:33.491+05:30  INFO 2400 --- [LearningMS] [main] o.s.t.web.servlet.TestDispatcherServlet  : Completed initialization in 1 ms
2024-11-09T12:41:33.526+05:30  INFO 2400 --- [LearningMS] [main] c.e.L.i.instructorControllerTest         : Started instructorControllerTest in 5.897 seconds (process running for 7.568)
2024-11-09T12:41:34.276+05:30  INFO 2400 --- [LearningMS] [main] c.e.L.Service.instructorService          : Instructor created with the name Radha successfully.
2024-11-09T12:41:34.465+05:30  INFO 2400 --- [LearningMS] [main] c.e.L.Service.instructorService          : Instructor created with the name Radha successfully.
2024-11-09T12:41:34.491+05:30  INFO 2400 --- [LearningMS] [main] c.e.L.Service.instructorService          : Instructor details are deleted successfully.
2024-11-09T12:41:34.551+05:30  INFO 2400 --- [LearningMS] [main] c.e.L.Service.instructorService          : Instructor details are fetching with id23 successfully
2024-11-09T12:41:34.584+05:30  INFO 2400 --- [LearningMS] [main] c.e.L.Service.instructorService          : Instructor created with the name Radha successfully.
2024-11-09T12:41:34.596+05:30  INFO 2400 --- [LearningMS] [main] c.e.L.Service.instructorService          : instructor details are updated successfullyy.
2024-11-09T12:41:34.625+05:30  INFO 2400 --- [LearningMS] [main] c.e.L.Service.instructorService          : Instructor created with the name Radha successfully.
2024-11-09T12:41:34.635+05:30  INFO 2400 --- [LearningMS] [main] c.e.L.Service.instructorService          : Instructor details are fetching with id25 successfully
2024-11-09T12:41:34.650+05:30  INFO 2400 --- [LearningMS] [main] c.e.L.Service.instructorService          : Instructor created with the name Instructor 1 successfully.
2024-11-09T12:41:34.659+05:30  INFO 2400 --- [LearningMS] [main] c.e.L.Service.instructorService          : Instructor created with the name Instructor 2 successfully.
2024-11-09T12:41:34.668+05:30  INFO 2400 --- [LearningMS] [main] c.e.L.Service.instructorService          : All intructor details retrived successfully.
