2024-11-09T12:50:57.885+05:30  INFO 3812 --- [LearningMS] [SpringApplicationShutdownHook] com.zaxxer.hikari.HikariDataSource       : HikariPool-1 - Shutdown initiated...
2024-11-09T12:50:57.906+05:30  INFO 3812 --- [LearningMS] [SpringApplicationShutdownHook] com.zaxxer.hikari.HikariDataSource       : HikariPool-1 - Shutdown completed.
2024-11-09T12:51:56.093+05:30  INFO 9100 --- [LearningMS] [main] c.e.L.i.instructorControllerTest         : Starting instructorControllerTest using Java 20.0.1 with PID 9100 (started by Neha in D:\Assignments\aaa\LearningMS)
2024-11-09T12:51:56.095+05:30  INFO 9100 --- [LearningMS] [main] c.e.L.i.instructorControllerTest         : No active profile set, falling back to 1 default profile: "default"
2024-11-09T12:51:57.057+05:30  INFO 9100 --- [LearningMS] [main] .s.d.r.c.RepositoryConfigurationDelegate : Bootstrapping Spring Data JPA repositories in DEFAULT mode.
2024-11-09T12:51:57.172+05:30  INFO 9100 --- [LearningMS] [main] .s.d.r.c.RepositoryConfigurationDelegate : Finished Spring Data repository scanning in 101 ms. Found 4 JPA repository interfaces.
2024-11-09T12:51:57.876+05:30  INFO 9100 --- [LearningMS] [main] o.hibernate.jpa.internal.util.LogHelper  : HHH000204: Processing PersistenceUnitInfo [name: default]
2024-11-09T12:51:57.945+05:30  INFO 9100 --- [LearningMS] [main] org.hibernate.Version                    : HHH000412: Hibernate ORM core version 6.5.3.Final
2024-11-09T12:51:57.995+05:30  INFO 9100 --- [LearningMS] [main] o.h.c.internal.RegionFactoryInitiator    : HHH000026: Second-level cache disabled
2024-11-09T12:51:58.379+05:30  INFO 9100 --- [LearningMS] [main] o.s.o.j.p.SpringPersistenceUnitInfo      : No LoadTimeWeaver setup: ignoring JPA class transformer
2024-11-09T12:51:58.420+05:30  INFO 9100 --- [LearningMS] [main] com.zaxxer.hikari.HikariDataSource       : HikariPool-1 - Starting...
2024-11-09T12:51:58.838+05:30  INFO 9100 --- [LearningMS] [main] com.zaxxer.hikari.pool.HikariPool        : HikariPool-1 - Added connection com.mysql.cj.jdbc.ConnectionImpl@352e5a82
2024-11-09T12:51:58.841+05:30  INFO 9100 --- [LearningMS] [main] com.zaxxer.hikari.HikariDataSource       : HikariPool-1 - Start completed.
2024-11-09T12:51:58.916+05:30  WARN 9100 --- [LearningMS] [main] org.hibernate.orm.deprecation            : HHH90000025: MySQLDialect does not need to be specified explicitly using 'hibernate.dialect' (remove the property setting and it will be selected by default)
2024-11-09T12:52:00.137+05:30  INFO 9100 --- [LearningMS] [main] o.h.e.t.j.p.i.JtaPlatformInitiator       : HHH000489: No JTA platform available (set 'hibernate.transaction.jta.platform' to enable JTA platform integration)
2024-11-09T12:52:00.232+05:30  INFO 9100 --- [LearningMS] [main] j.LocalContainerEntityManagerFactoryBean : Initialized JPA EntityManagerFactory for persistence unit 'default'
2024-11-09T12:52:00.832+05:30  WARN 9100 --- [LearningMS] [main] JpaBaseConfiguration$JpaWebConfiguration : spring.jpa.open-in-view is enabled by default. Therefore, database queries may be performed during view rendering. Explicitly configure spring.jpa.open-in-view to disable this warning
2024-11-09T12:52:01.291+05:30  INFO 9100 --- [LearningMS] [main] o.s.b.t.m.w.SpringBootMockServletContext : Initializing Spring TestDispatcherServlet ''
2024-11-09T12:52:01.291+05:30  INFO 9100 --- [LearningMS] [main] o.s.t.web.servlet.TestDispatcherServlet  : Initializing Servlet ''
2024-11-09T12:52:01.294+05:30  INFO 9100 --- [LearningMS] [main] o.s.t.web.servlet.TestDispatcherServlet  : Completed initialization in 2 ms
2024-11-09T12:52:01.330+05:30  INFO 9100 --- [LearningMS] [main] c.e.L.i.instructorControllerTest         : Started instructorControllerTest in 5.744 seconds (process running for 7.41)
2024-11-09T12:52:01.949+05:30  INFO 9100 --- [LearningMS] [main] c.e.L.Service.instructorService          : Instructor created with the name Radha successfully.
2024-11-09T12:52:02.134+05:30  INFO 9100 --- [LearningMS] [main] c.e.L.Service.instructorService          : Instructor details are deleted successfully.
2024-11-09T12:52:02.237+05:30  INFO 9100 --- [LearningMS] [main] c.e.L.Service.instructorService          : Instructor created with the name Radha successfully.
2024-11-09T12:52:02.318+05:30  INFO 9100 --- [LearningMS] [main] c.e.L.Service.instructorService          : instructor details are updated successfullyy.
2024-11-09T12:52:02.416+05:30  INFO 9100 --- [LearningMS] [main] c.e.L.Service.instructorService          : Instructor created with the name Radha successfully.
2024-11-09T12:52:02.428+05:30  INFO 9100 --- [LearningMS] [main] c.e.L.Service.instructorService          : Instructor details are fetching with id54 successfully
2024-11-09T12:52:02.450+05:30  INFO 9100 --- [LearningMS] [main] c.e.L.Service.instructorService          : Instructor created with the name Radha successfully.
2024-11-09T12:52:02.464+05:30  INFO 9100 --- [LearningMS] [main] c.e.L.Service.instructorService          : Instructor created with the name Anusha successfully.
2024-11-09T12:52:02.472+05:30  INFO 9100 --- [LearningMS] [main] c.e.L.Service.instructorService          : Instructor created with the name Ashish successfully.
2024-11-09T12:52:02.480+05:30  INFO 9100 --- [LearningMS] [main] c.e.L.Service.instructorService          : All intructor details retrived successfully.
2024-11-09T12:52:02.635+05:30  INFO 9100 --- [LearningMS] [SpringApplicationShutdownHook] j.LocalContainerEntityManagerFactoryBean : Closing JPA EntityManagerFactory for persistence unit 'default'
