2024-11-09T12:36:37.072+05:30  INFO 21276 --- [LearningMS] [main] c.e.L.Service.instructorService          : All intructor details retrived successfully.
2024-11-09T12:36:37.206+05:30  INFO 21276 --- [LearningMS] [SpringApplicationShutdownHook] j.LocalContainerEntityManagerFactoryBean : Closing JPA EntityManagerFactory for persistence unit 'default'
2024-11-09T12:36:37.210+05:30  INFO 21276 --- [LearningMS] [SpringApplicationShutdownHook] com.zaxxer.hikari.HikariDataSource       : HikariPool-1 - Shutdown initiated...
2024-11-09T12:36:37.221+05:30  INFO 21276 --- [LearningMS] [SpringApplicationShutdownHook] com.zaxxer.hikari.HikariDataSource       : HikariPool-1 - Shutdown completed.
2024-11-09T12:40:35.261+05:30  INFO 30476 --- [LearningMS] [main] c.e.L.i.instructorControllerTest         : Starting instructorControllerTest using Java 20.0.1 with PID 30476 (started by Neha in D:\Assignments\aaa\LearningMS)
2024-11-09T12:40:35.263+05:30  INFO 30476 --- [LearningMS] [main] c.e.L.i.instructorControllerTest         : No active profile set, falling back to 1 default profile: "default"
2024-11-09T12:40:36.222+05:30  INFO 30476 --- [LearningMS] [main] .s.d.r.c.RepositoryConfigurationDelegate : Bootstrapping Spring Data JPA repositories in DEFAULT mode.
2024-11-09T12:40:36.320+05:30  INFO 30476 --- [LearningMS] [main] .s.d.r.c.RepositoryConfigurationDelegate : Finished Spring Data repository scanning in 84 ms. Found 4 JPA repository interfaces.
2024-11-09T12:40:37.003+05:30  INFO 30476 --- [LearningMS] [main] o.hibernate.jpa.internal.util.LogHelper  : HHH000204: Processing PersistenceUnitInfo [name: default]
2024-11-09T12:40:37.107+05:30  INFO 30476 --- [LearningMS] [main] org.hibernate.Version                    : HHH000412: Hibernate ORM core version 6.5.3.Final
2024-11-09T12:40:37.166+05:30  INFO 30476 --- [LearningMS] [main] o.h.c.internal.RegionFactoryInitiator    : HHH000026: Second-level cache disabled
2024-11-09T12:40:37.796+05:30  INFO 30476 --- [LearningMS] [main] o.s.o.j.p.SpringPersistenceUnitInfo      : No LoadTimeWeaver setup: ignoring JPA class transformer
2024-11-09T12:40:37.877+05:30  INFO 30476 --- [LearningMS] [main] com.zaxxer.hikari.HikariDataSource       : HikariPool-1 - Starting...
2024-11-09T12:40:38.469+05:30  INFO 30476 --- [LearningMS] [main] com.zaxxer.hikari.pool.HikariPool        : HikariPool-1 - Added connection com.mysql.cj.jdbc.ConnectionImpl@39374689
2024-11-09T12:40:38.474+05:30  INFO 30476 --- [LearningMS] [main] com.zaxxer.hikari.HikariDataSource       : HikariPool-1 - Start completed.
2024-11-09T12:40:38.572+05:30  WARN 30476 --- [LearningMS] [main] org.hibernate.orm.deprecation            : HHH90000025: MySQLDialect does not need to be specified explicitly using 'hibernate.dialect' (remove the property setting and it will be selected by default)
2024-11-09T12:40:39.792+05:30  INFO 30476 --- [LearningMS] [main] o.h.e.t.j.p.i.JtaPlatformInitiator       : HHH000489: No JTA platform available (set 'hibernate.transaction.jta.platform' to enable JTA platform integration)
2024-11-09T12:40:39.913+05:30  INFO 30476 --- [LearningMS] [main] j.LocalContainerEntityManagerFactoryBean : Initialized JPA EntityManagerFactory for persistence unit 'default'
2024-11-09T12:40:40.582+05:30  WARN 30476 --- [LearningMS] [main] JpaBaseConfiguration$JpaWebConfiguration : spring.jpa.open-in-view is enabled by default. Therefore, database queries may be performed during view rendering. Explicitly configure spring.jpa.open-in-view to disable this warning
2024-11-09T12:40:41.053+05:30  INFO 30476 --- [LearningMS] [main] o.s.b.t.m.w.SpringBootMockServletContext : Initializing Spring TestDispatcherServlet ''
2024-11-09T12:40:41.053+05:30  INFO 30476 --- [LearningMS] [main] o.s.t.web.servlet.TestDispatcherServlet  : Initializing Servlet ''
2024-11-09T12:40:41.055+05:30  INFO 30476 --- [LearningMS] [main] o.s.t.web.servlet.TestDispatcherServlet  : Completed initialization in 2 ms
2024-11-09T12:40:41.095+05:30  INFO 30476 --- [LearningMS] [main] c.e.L.i.instructorControllerTest         : Started instructorControllerTest in 6.305 seconds (process running for 7.962)
2024-11-09T12:40:41.765+05:30  INFO 30476 --- [LearningMS] [main] c.e.L.Service.instructorService          : Instructor created with the name Radha successfully.
2024-11-09T12:40:41.935+05:30  INFO 30476 --- [LearningMS] [main] c.e.L.Service.instructorService          : Instructor details are deleted successfully.
2024-11-09T12:40:42.014+05:30  INFO 30476 --- [LearningMS] [main] c.e.L.Service.instructorService          : Instructor details are fetching with id16 successfully
2024-11-09T12:40:42.066+05:30  INFO 30476 --- [LearningMS] [main] c.e.L.Service.instructorService          : Instructor created with the name Radha successfully.
2024-11-09T12:40:42.119+05:30  INFO 30476 --- [LearningMS] [main] c.e.L.Service.instructorService          : instructor details are updated successfullyy.
2024-11-09T12:40:42.202+05:30  INFO 30476 --- [LearningMS] [main] c.e.L.Service.instructorService          : Instructor created with the name Radha successfully.
2024-11-09T12:40:42.215+05:30  INFO 30476 --- [LearningMS] [main] c.e.L.Service.instructorService          : Instructor details are fetching with id18 successfully
2024-11-09T12:40:42.231+05:30  INFO 30476 --- [LearningMS] [main] c.e.L.Service.instructorService          : Instructor created with the name Radha successfully.
2024-11-09T12:40:42.247+05:30  INFO 30476 --- [LearningMS] [main] c.e.L.Service.instructorService          : Instructor created with the name Anuradha successfully.
2024-11-09T12:40:42.256+05:30  INFO 30476 --- [LearningMS] [main] c.e.L.Service.instructorService          : Instructor created with the name Ashish successfully.
2024-11-09T12:40:42.264+05:30  INFO 30476 --- [LearningMS] [main] c.e.L.Service.instructorService          : All intructor details retrived successfully.
