2024-11-07T17:17:58.104+05:30  INFO 17340 --- [LearningMS] [main] c.e.LearningMS.LearningMsApplication     : Starting LearningMsApplication using Java 20.0.1 with PID 17340 (D:\Assignments\aaa\LearningMS\target\classes started by Neha in D:\Assignments\aaa\LearningMS)
2024-11-07T17:17:58.107+05:30  INFO 17340 --- [LearningMS] [main] c.e.LearningMS.LearningMsApplication     : No active profile set, falling back to 1 default profile: "default"
2024-11-07T17:17:58.986+05:30  INFO 17340 --- [LearningMS] [main] .s.d.r.c.RepositoryConfigurationDelegate : Bootstrapping Spring Data JPA repositories in DEFAULT mode.
2024-11-07T17:17:59.098+05:30  INFO 17340 --- [LearningMS] [main] .s.d.r.c.RepositoryConfigurationDelegate : Finished Spring Data repository scanning in 97 ms. Found 4 JPA repository interfaces.
2024-11-07T17:17:59.757+05:30  INFO 17340 --- [LearningMS] [main] o.s.b.w.embedded.tomcat.TomcatWebServer  : Tomcat initialized with port 8080 (http)
2024-11-07T17:17:59.779+05:30  INFO 17340 --- [LearningMS] [main] o.apache.catalina.core.StandardService   : Starting service [Tomcat]
2024-11-07T17:17:59.779+05:30  INFO 17340 --- [LearningMS] [main] o.apache.catalina.core.StandardEngine    : Starting Servlet engine: [Apache Tomcat/10.1.31]
2024-11-07T17:17:59.867+05:30  INFO 17340 --- [LearningMS] [main] o.a.c.c.C.[Tomcat].[localhost].[/]       : Initializing Spring embedded WebApplicationContext
2024-11-07T17:17:59.868+05:30  INFO 17340 --- [LearningMS] [main] w.s.c.ServletWebServerApplicationContext : Root WebApplicationContext: initialization completed in 1679 ms
2024-11-07T17:18:00.092+05:30  INFO 17340 --- [LearningMS] [main] o.hibernate.jpa.internal.util.LogHelper  : HHH000204: Processing PersistenceUnitInfo [name: default]
2024-11-07T17:18:00.186+05:30  INFO 17340 --- [LearningMS] [main] org.hibernate.Version                    : HHH000412: Hibernate ORM core version 6.5.3.Final
2024-11-07T17:18:00.245+05:30  INFO 17340 --- [LearningMS] [main] o.h.c.internal.RegionFactoryInitiator    : HHH000026: Second-level cache disabled
2024-11-07T17:18:00.720+05:30  INFO 17340 --- [LearningMS] [main] o.s.o.j.p.SpringPersistenceUnitInfo      : No LoadTimeWeaver setup: ignoring JPA class transformer
2024-11-07T17:18:00.777+05:30  INFO 17340 --- [LearningMS] [main] com.zaxxer.hikari.HikariDataSource       : HikariPool-1 - Starting...
2024-11-07T17:18:01.334+05:30  INFO 17340 --- [LearningMS] [main] com.zaxxer.hikari.pool.HikariPool        : HikariPool-1 - Added connection com.mysql.cj.jdbc.ConnectionImpl@2fb48970
2024-11-07T17:18:01.337+05:30  INFO 17340 --- [LearningMS] [main] com.zaxxer.hikari.HikariDataSource       : HikariPool-1 - Start completed.
2024-11-07T17:18:01.409+05:30  WARN 17340 --- [LearningMS] [main] org.hibernate.orm.deprecation            : HHH90000025: MySQLDialect does not need to be specified explicitly using 'hibernate.dialect' (remove the property setting and it will be selected by default)
2024-11-07T17:18:02.680+05:30  INFO 17340 --- [LearningMS] [main] o.h.e.t.j.p.i.JtaPlatformInitiator       : HHH000489: No JTA platform available (set 'hibernate.transaction.jta.platform' to enable JTA platform integration)
2024-11-07T17:18:02.802+05:30  INFO 17340 --- [LearningMS] [main] j.LocalContainerEntityManagerFactoryBean : Initialized JPA EntityManagerFactory for persistence unit 'default'
2024-11-07T17:18:03.285+05:30  WARN 17340 --- [LearningMS] [main] JpaBaseConfiguration$JpaWebConfiguration : spring.jpa.open-in-view is enabled by default. Therefore, database queries may be performed during view rendering. Explicitly configure spring.jpa.open-in-view to disable this warning
2024-11-07T17:18:03.780+05:30  INFO 17340 --- [LearningMS] [main] o.s.b.w.embedded.tomcat.TomcatWebServer  : Tomcat started on port 8080 (http) with context path '/'
2024-11-07T17:18:03.795+05:30  INFO 17340 --- [LearningMS] [main] c.e.LearningMS.LearningMsApplication     : Started LearningMsApplication in 6.288 seconds (process running for 7.681)
2024-11-07T17:18:42.780+05:30  INFO 17340 --- [LearningMS] [http-nio-8080-exec-1] o.a.c.c.C.[Tomcat].[localhost].[/]       : Initializing Spring DispatcherServlet 'dispatcherServlet'
2024-11-07T17:18:42.781+05:30  INFO 17340 --- [LearningMS] [http-nio-8080-exec-1] o.s.web.servlet.DispatcherServlet        : Initializing Servlet 'dispatcherServlet'
2024-11-07T17:18:42.783+05:30  INFO 17340 --- [LearningMS] [http-nio-8080-exec-1] o.s.web.servlet.DispatcherServlet        : Completed initialization in 2 ms
2024-11-07T17:19:00.858+05:30  INFO 17340 --- [LearningMS] [http-nio-8080-exec-6] c.e.L.Service.instructorService          : Instructor created with the name Rajesh successfully.
2024-11-07T17:19:01.097+05:30  INFO 17340 --- [LearningMS] [http-nio-8080-exec-7] c.e.L.Service.instructorService          : All intructor details retrived successfully.
2024-11-07T17:19:23.803+05:30  INFO 17340 --- [LearningMS] [http-nio-8080-exec-9] c.e.L.Service.instructorService          : Instructor details are deleted successfully.
2024-11-07T17:19:26.342+05:30  INFO 17340 --- [LearningMS] [http-nio-8080-exec-10] c.e.L.Service.instructorService          : All intructor details retrived successfully.
